<?xml version="1.0" encoding="UTF-8"?>
<!-- Generated by org.testng.reporters.JUnitXMLReporter -->
<testsuite hostname="IN00344" name="Command line test" tests="1" failures="0" timestamp="15 Oct 2019 12:54:59 GMT" time="2.558" errors="0">
  <testcase name="@BeforeMethod Setup" time="0.0" classname="com.mmt.qa.TestCases.LoginPageTest">
    <failure type="org.openqa.selenium.SessionNotCreatedException" message="session not created
from disconnected: received Inspector.detached event
  (Session info: chrome=77.0.3865.120)
Build info: version: &amp;apos;3.4.0&amp;apos;, revision: &amp;apos;unknown&amp;apos;, time: &amp;apos;unknown&amp;apos;
System info: host: &amp;apos;IN00344&amp;apos;, ip: &amp;apos;192.168.73.62&amp;apos;, os.name: &amp;apos;Windows 10&amp;apos;, os.arch: &amp;apos;amd64&amp;apos;, os.version: &amp;apos;10.0&amp;apos;, java.version: &amp;apos;1.8.0_191&amp;apos;
Driver info: driver.version: ChromeDriver
remote stacktrace: Backtrace:
	Ordinal0 [0x0017EB13+1501971]
	Ordinal0 [0x000FF6D1+980689]
	Ordinal0 [0x0008765F+489055]
	Ordinal0 [0x000802B5+459445]
	Ordinal0 [0x0007FEA4+458404]
	Ordinal0 [0x0007FA1D+457245]
	Ordinal0 [0x0007F21D+455197]
	Ordinal0 [0x0007EDE4+454116]
	Ordinal0 [0x0007EDA5+454053]
	Ordinal0 [0x000836A9+472745]
	Ordinal0 [0x0007ED5C+453980]
	Ordinal0 [0x0007F6D1+456401]
	Ordinal0 [0x0007F21D+455197]
	Ordinal0 [0x0007EDE4+454116]
	Ordinal0 [0x0007EDA5+454053]
	Ordinal0 [0x00082C67+470119]
	Ordinal0 [0x0007ED5C+453980]
	Ordinal0 [0x0007F6D1+456401]
	Ordinal0 [0x0007F21D+455197]
	Ordinal0 [0x0007EDE4+454116]
	Ordinal0 [0x0007EDA5+454053]
	Ordinal0 [0x0007BA0C+440844]
	Ordinal0 [0x0007ED5C+453980]
	Ordinal0 [0x0007EC44+453700]
	Ordinal0 [0x00088330+492336]
	Ordinal0 [0x0003A108+172296]
	Ordinal0 [0x0003942D+169005]
	Ordinal0 [0x000378EB+162027]
	Ordinal0 [0x00020AC7+68295]
	Ordinal0 [0x00021B40+72512]
	Ordinal0 [0x00021AD9+72409]
	Ordinal0 [0x00118F37+1085239]
	GetHandleVerifier [0x0021D7ED+503293]
	GetHandleVerifier [0x0021D580+502672]
	GetHandleVerifier [0x002246AC+531644]
	GetHandleVerifier [0x0021DFFA+505354]
	Ordinal0 [0x00110606+1050118]
	Ordinal0 [0x0011047F+1049727]
	Ordinal0 [0x0011AF9B+1093531]
	Ordinal0 [0x0011B103+1093891]
	Ordinal0 [0x0011A095+1089685]
	BaseThreadInitThunk [0x777A3744+36]
	RtlSetCurrentTransaction [0x77AE9E54+212]
	RtlSetCurrentTransaction [0x77AE9E1F+159]
	(No symbol) [0x00000000]
">
      <![CDATA[org.openqa.selenium.SessionNotCreatedException: session not created
from disconnected: received Inspector.detached event
  (Session info: chrome=77.0.3865.120)
Build info: version: '3.4.0', revision: 'unknown', time: 'unknown'
System info: host: 'IN00344', ip: '192.168.73.62', os.name: 'Windows 10', os.arch: 'amd64', os.version: '10.0', java.version: '1.8.0_191'
Driver info: driver.version: ChromeDriver
remote stacktrace: Backtrace:
	Ordinal0 [0x0017EB13+1501971]
	Ordinal0 [0x000FF6D1+980689]
	Ordinal0 [0x0008765F+489055]
	Ordinal0 [0x000802B5+459445]
	Ordinal0 [0x0007FEA4+458404]
	Ordinal0 [0x0007FA1D+457245]
	Ordinal0 [0x0007F21D+455197]
	Ordinal0 [0x0007EDE4+454116]
	Ordinal0 [0x0007EDA5+454053]
	Ordinal0 [0x000836A9+472745]
	Ordinal0 [0x0007ED5C+453980]
	Ordinal0 [0x0007F6D1+456401]
	Ordinal0 [0x0007F21D+455197]
	Ordinal0 [0x0007EDE4+454116]
	Ordinal0 [0x0007EDA5+454053]
	Ordinal0 [0x00082C67+470119]
	Ordinal0 [0x0007ED5C+453980]
	Ordinal0 [0x0007F6D1+456401]
	Ordinal0 [0x0007F21D+455197]
	Ordinal0 [0x0007EDE4+454116]
	Ordinal0 [0x0007EDA5+454053]
	Ordinal0 [0x0007BA0C+440844]
	Ordinal0 [0x0007ED5C+453980]
	Ordinal0 [0x0007EC44+453700]
	Ordinal0 [0x00088330+492336]
	Ordinal0 [0x0003A108+172296]
	Ordinal0 [0x0003942D+169005]
	Ordinal0 [0x000378EB+162027]
	Ordinal0 [0x00020AC7+68295]
	Ordinal0 [0x00021B40+72512]
	Ordinal0 [0x00021AD9+72409]
	Ordinal0 [0x00118F37+1085239]
	GetHandleVerifier [0x0021D7ED+503293]
	GetHandleVerifier [0x0021D580+502672]
	GetHandleVerifier [0x002246AC+531644]
	GetHandleVerifier [0x0021DFFA+505354]
	Ordinal0 [0x00110606+1050118]
	Ordinal0 [0x0011047F+1049727]
	Ordinal0 [0x0011AF9B+1093531]
	Ordinal0 [0x0011B103+1093891]
	Ordinal0 [0x0011A095+1089685]
	BaseThreadInitThunk [0x777A3744+36]
	RtlSetCurrentTransaction [0x77AE9E54+212]
	RtlSetCurrentTransaction [0x77AE9E1F+159]
	(No symbol) [0x00000000]

	at org.openqa.selenium.remote.W3CHandshakeResponse.lambda$new$0(W3CHandshakeResponse.java:57)
	at org.openqa.selenium.remote.W3CHandshakeResponse.lambda$getResponseFunction$2(W3CHandshakeResponse.java:104)
	at org.openqa.selenium.remote.ProtocolHandshake.lambda$createSession$22(ProtocolHandshake.java:365)
	at java.util.stream.ReferencePipeline$3$1.accept(Unknown Source)
	at java.util.Spliterators$ArraySpliterator.tryAdvance(Unknown Source)
	at java.util.stream.ReferencePipeline.forEachWithCancel(Unknown Source)
	at java.util.stream.AbstractPipeline.copyIntoWithCancel(Unknown Source)
	at java.util.stream.AbstractPipeline.copyInto(Unknown Source)
	at java.util.stream.AbstractPipeline.wrapAndCopyInto(Unknown Source)
	at java.util.stream.FindOps$FindOp.evaluateSequential(Unknown Source)
	at java.util.stream.AbstractPipeline.evaluate(Unknown Source)
	at java.util.stream.ReferencePipeline.findFirst(Unknown Source)
	at org.openqa.selenium.remote.ProtocolHandshake.createSession(ProtocolHandshake.java:368)
	at org.openqa.selenium.remote.ProtocolHandshake.createSession(ProtocolHandshake.java:159)
	at org.openqa.selenium.remote.HttpCommandExecutor.execute(HttpCommandExecutor.java:142)
	at org.openqa.selenium.remote.service.DriverCommandExecutor.execute(DriverCommandExecutor.java:82)
	at org.openqa.selenium.remote.RemoteWebDriver.execute(RemoteWebDriver.java:637)
	at org.openqa.selenium.remote.RemoteWebDriver.startSession(RemoteWebDriver.java:250)
	at org.openqa.selenium.remote.RemoteWebDriver.startSession(RemoteWebDriver.java:236)
	at org.openqa.selenium.remote.RemoteWebDriver.<init>(RemoteWebDriver.java:137)
	at org.openqa.selenium.chrome.ChromeDriver.<init>(ChromeDriver.java:184)
	at org.openqa.selenium.chrome.ChromeDriver.<init>(ChromeDriver.java:171)
	at org.openqa.selenium.chrome.ChromeDriver.<init>(ChromeDriver.java:158)
	at com.mmt.qa.base.TestBase.initalization(TestBase.java:62)
	at com.mmt.qa.TestCases.LoginPageTest.Setup(LoginPageTest.java:31)
	at com.mmt.qa.TestCases.TestRunner.main(TestRunner.java:13)
... Removed 27 stack frames]]>
    </failure>
  </testcase> <!-- @BeforeMethod Setup -->
  <testcase name="HomepageLogin" time="0.001" classname="com.mmt.qa.TestCases.LoginPageTest">
    <skipped/>
  </testcase> <!-- HomepageLogin -->
</testsuite> <!-- Command line test -->
