<html>
<head>
<title>TestNG:  Command line test</title>
<link href="../testng.css" rel="stylesheet" type="text/css" />
<link href="../my-testng.css" rel="stylesheet" type="text/css" />

<style type="text/css">
.log { display: none;} 
.stack-trace { display: none;} 
</style>
<script type="text/javascript">
<!--
function flip(e) {
  current = e.style.display;
  if (current == 'block') {
    e.style.display = 'none';
    return 0;
  }
  else {
    e.style.display = 'block';
    return 1;
  }
}

function toggleBox(szDivId, elem, msg1, msg2)
{
  var res = -1;  if (document.getElementById) {
    res = flip(document.getElementById(szDivId));
  }
  else if (document.all) {
    // this is the way old msie versions work
    res = flip(document.all[szDivId]);
  }
  if(elem) {
    if(res == 0) elem.innerHTML = msg1; else elem.innerHTML = msg2;
  }

}

function toggleAllBoxes() {
  if (document.getElementsByTagName) {
    d = document.getElementsByTagName('div');
    for (i = 0; i < d.length; i++) {
      if (d[i].className == 'log') {
        flip(d[i]);
      }
    }
  }
}

// -->
</script>

</head>
<body>
<h2 align='center'>Command line test</h2><table border='1' align="center">
<tr>
<td>Tests passed/Failed/Skipped:</td><td>0/0/1</td>
</tr><tr>
<td>Started on:</td><td>Tue Oct 15 18:24:57 IST 2019</td>
</tr>
<tr><td>Total time:</td><td>2 seconds (2558 ms)</td>
</tr><tr>
<td>Included groups:</td><td></td>
</tr><tr>
<td>Excluded groups:</td><td></td>
</tr>
</table><p/>
<small><i>(Hover the method name to see the test class name)</i></small><p/>
<table width='100%' border='1' class='invocation-failed'>
<tr><td colspan='4' align='center'><b>FAILED CONFIGURATIONS</b></td></tr>
<tr><td><b>Test method</b></td>
<td width="30%"><b>Exception</b></td>
<td width="10%"><b>Time (seconds)</b></td>
<td><b>Instance</b></td>
</tr>
<tr>
<td title='com.mmt.qa.TestCases.LoginPageTest.Setup()'><b>Setup</b><br>Test class: com.mmt.qa.TestCases.LoginPageTest</td>
<td><div><pre>org.openqa.selenium.SessionNotCreatedException: session not created
from disconnected: received Inspector.detached event
  (Session info: chrome=77.0.3865.120)
Build info: version: &apos;3.4.0&apos;, revision: &apos;unknown&apos;, time: &apos;unknown&apos;
System info: host: &apos;IN00344&apos;, ip: &apos;192.168.73.62&apos;, os.name: &apos;Windows 10&apos;, os.arch: &apos;amd64&apos;, os.version: &apos;10.0&apos;, java.version: &apos;1.8.0_191&apos;
Driver info: driver.version: ChromeDriver
remote stacktrace: Backtrace:
	Ordinal0 [0x0017EB13+1501971]
	Ordinal0 [0x000FF6D1+980689]
	Ordinal0 [0x0008765F+489055]
	Ordinal0 [0x000802B5+459445]
	Ordinal0 [0x0007FEA4+458404]
	Ordinal0 [0x0007FA1D+457245]
	Ordinal0 [0x0007F21D+455197]
	Ordinal0 [0x0007EDE4+454116]
	Ordinal0 [0x0007EDA5+454053]
	Ordinal0 [0x000836A9+472745]
	Ordinal0 [0x0007ED5C+453980]
	Ordinal0 [0x0007F6D1+456401]
	Ordinal0 [0x0007F21D+455197]
	Ordinal0 [0x0007EDE4+454116]
	Ordinal0 [0x0007EDA5+454053]
	Ordinal0 [0x00082C67+470119]
	Ordinal0 [0x0007ED5C+453980]
	Ordinal0 [0x0007F6D1+456401]
	Ordinal0 [0x0007F21D+455197]
	Ordinal0 [0x0007EDE4+454116]
	Ordinal0 [0x0007EDA5+454053]
	Ordinal0 [0x0007BA0C+440844]
	Ordinal0 [0x0007ED5C+453980]
	Ordinal0 [0x0007EC44+453700]
	Ordinal0 [0x00088330+492336]
	Ordinal0 [0x0003A108+172296]
	Ordinal0 [0x0003942D+169005]
	Ordinal0 [0x000378EB+162027]
	Ordinal0 [0x00020AC7+68295]
	Ordinal0 [0x00021B40+72512]
	Ordinal0 [0x00021AD9+72409]
	Ordinal0 [0x00118F37+1085239]
	GetHandleVerifier [0x0021D7ED+503293]
	GetHandleVerifier [0x0021D580+502672]
	GetHandleVerifier [0x002246AC+531644]
	GetHandleVerifier [0x0021DFFA+505354]
	Ordinal0 [0x00110606+1050118]
	Ordinal0 [0x0011047F+1049727]
	Ordinal0 [0x0011AF9B+1093531]
	Ordinal0 [0x0011B103+1093891]
	Ordinal0 [0x0011A095+1089685]
	BaseThreadInitThunk [0x777A3744+36]
	RtlSetCurrentTransaction [0x77AE9E54+212]
	RtlSetCurrentTransaction [0x77AE9E1F+159]
	(No symbol) [0x00000000]

	at org.openqa.selenium.remote.W3CHandshakeResponse.lambda$new$0(W3CHandshakeResponse.java:57)
	at org.openqa.selenium.remote.W3CHandshakeResponse.lambda$getResponseFunction$2(W3CHandshakeResponse.java:104)
	at org.openqa.selenium.remote.ProtocolHandshake.lambda$createSession$22(ProtocolHandshake.java:365)
	at java.util.stream.ReferencePipeline$3$1.accept(Unknown Source)
	at java.util.Spliterators$ArraySpliterator.tryAdvance(Unknown Source)
	at java.util.stream.ReferencePipeline.forEachWithCancel(Unknown Source)
	at java.util.stream.AbstractPipeline.copyIntoWithCancel(Unknown Source)
	at java.util.stream.AbstractPipeline.copyInto(Unknown Source)
	at java.util.stream.AbstractPipeline.wrapAndCopyInto(Unknown Source)
	at java.util.stream.FindOps$FindOp.evaluateSequential(Unknown Source)
	at java.util.stream.AbstractPipeline.evaluate(Unknown Source)
	at java.util.stream.ReferencePipeline.findFirst(Unknown Source)
	at org.openqa.selenium.remote.ProtocolHandshake.createSession(ProtocolHandshake.java:368)
	at org.openqa.selenium.remote.ProtocolHandshake.createSession(ProtocolHandshake.java:159)
	at org.openqa.selenium.remote.HttpCommandExecutor.execute(HttpCommandExecutor.java:142)
	at org.openqa.selenium.remote.service.DriverCommandExecutor.execute(DriverCommandExecutor.java:82)
	at org.openqa.selenium.remote.RemoteWebDriver.execute(RemoteWebDriver.java:637)
	at org.openqa.selenium.remote.RemoteWebDriver.startSession(RemoteWebDriver.java:250)
	at org.openqa.selenium.remote.RemoteWebDriver.startSession(RemoteWebDriver.java:236)
	at org.openqa.selenium.remote.RemoteWebDriver.&lt;init&gt;(RemoteWebDriver.java:137)
	at org.openqa.selenium.chrome.ChromeDriver.&lt;init&gt;(ChromeDriver.java:184)
	at org.openqa.selenium.chrome.ChromeDriver.&lt;init&gt;(ChromeDriver.java:171)
	at org.openqa.selenium.chrome.ChromeDriver.&lt;init&gt;(ChromeDriver.java:158)
	at com.mmt.qa.base.TestBase.initalization(TestBase.java:62)
	at com.mmt.qa.TestCases.LoginPageTest.Setup(LoginPageTest.java:31)
	at com.mmt.qa.TestCases.TestRunner.main(TestRunner.java:13)
... Removed 27 stack frames</pre></div><a href='#' onClick='toggleBox("stack-trace1523457748", this, "Click to show all stack frames", "Click to hide stack frames")'>Click to show all stack frames</a>
<div class='stack-trace' id='stack-trace1523457748'><pre>org.openqa.selenium.SessionNotCreatedException: session not created
from disconnected: received Inspector.detached event
  (Session info: chrome=77.0.3865.120)
Build info: version: &apos;3.4.0&apos;, revision: &apos;unknown&apos;, time: &apos;unknown&apos;
System info: host: &apos;IN00344&apos;, ip: &apos;192.168.73.62&apos;, os.name: &apos;Windows 10&apos;, os.arch: &apos;amd64&apos;, os.version: &apos;10.0&apos;, java.version: &apos;1.8.0_191&apos;
Driver info: driver.version: ChromeDriver
remote stacktrace: Backtrace:
	Ordinal0 [0x0017EB13+1501971]
	Ordinal0 [0x000FF6D1+980689]
	Ordinal0 [0x0008765F+489055]
	Ordinal0 [0x000802B5+459445]
	Ordinal0 [0x0007FEA4+458404]
	Ordinal0 [0x0007FA1D+457245]
	Ordinal0 [0x0007F21D+455197]
	Ordinal0 [0x0007EDE4+454116]
	Ordinal0 [0x0007EDA5+454053]
	Ordinal0 [0x000836A9+472745]
	Ordinal0 [0x0007ED5C+453980]
	Ordinal0 [0x0007F6D1+456401]
	Ordinal0 [0x0007F21D+455197]
	Ordinal0 [0x0007EDE4+454116]
	Ordinal0 [0x0007EDA5+454053]
	Ordinal0 [0x00082C67+470119]
	Ordinal0 [0x0007ED5C+453980]
	Ordinal0 [0x0007F6D1+456401]
	Ordinal0 [0x0007F21D+455197]
	Ordinal0 [0x0007EDE4+454116]
	Ordinal0 [0x0007EDA5+454053]
	Ordinal0 [0x0007BA0C+440844]
	Ordinal0 [0x0007ED5C+453980]
	Ordinal0 [0x0007EC44+453700]
	Ordinal0 [0x00088330+492336]
	Ordinal0 [0x0003A108+172296]
	Ordinal0 [0x0003942D+169005]
	Ordinal0 [0x000378EB+162027]
	Ordinal0 [0x00020AC7+68295]
	Ordinal0 [0x00021B40+72512]
	Ordinal0 [0x00021AD9+72409]
	Ordinal0 [0x00118F37+1085239]
	GetHandleVerifier [0x0021D7ED+503293]
	GetHandleVerifier [0x0021D580+502672]
	GetHandleVerifier [0x002246AC+531644]
	GetHandleVerifier [0x0021DFFA+505354]
	Ordinal0 [0x00110606+1050118]
	Ordinal0 [0x0011047F+1049727]
	Ordinal0 [0x0011AF9B+1093531]
	Ordinal0 [0x0011B103+1093891]
	Ordinal0 [0x0011A095+1089685]
	BaseThreadInitThunk [0x777A3744+36]
	RtlSetCurrentTransaction [0x77AE9E54+212]
	RtlSetCurrentTransaction [0x77AE9E1F+159]
	(No symbol) [0x00000000]

	at sun.reflect.NativeConstructorAccessorImpl.newInstance0(Native Method)
	at sun.reflect.NativeConstructorAccessorImpl.newInstance(Unknown Source)
	at sun.reflect.DelegatingConstructorAccessorImpl.newInstance(Unknown Source)
	at java.lang.reflect.Constructor.newInstance(Unknown Source)
	at org.openqa.selenium.remote.W3CHandshakeResponse.lambda$new$0(W3CHandshakeResponse.java:57)
	at org.openqa.selenium.remote.W3CHandshakeResponse.lambda$getResponseFunction$2(W3CHandshakeResponse.java:104)
	at org.openqa.selenium.remote.ProtocolHandshake.lambda$createSession$22(ProtocolHandshake.java:365)
	at java.util.stream.ReferencePipeline$3$1.accept(Unknown Source)
	at java.util.Spliterators$ArraySpliterator.tryAdvance(Unknown Source)
	at java.util.stream.ReferencePipeline.forEachWithCancel(Unknown Source)
	at java.util.stream.AbstractPipeline.copyIntoWithCancel(Unknown Source)
	at java.util.stream.AbstractPipeline.copyInto(Unknown Source)
	at java.util.stream.AbstractPipeline.wrapAndCopyInto(Unknown Source)
	at java.util.stream.FindOps$FindOp.evaluateSequential(Unknown Source)
	at java.util.stream.AbstractPipeline.evaluate(Unknown Source)
	at java.util.stream.ReferencePipeline.findFirst(Unknown Source)
	at org.openqa.selenium.remote.ProtocolHandshake.createSession(ProtocolHandshake.java:368)
	at org.openqa.selenium.remote.ProtocolHandshake.createSession(ProtocolHandshake.java:159)
	at org.openqa.selenium.remote.HttpCommandExecutor.execute(HttpCommandExecutor.java:142)
	at org.openqa.selenium.remote.service.DriverCommandExecutor.execute(DriverCommandExecutor.java:82)
	at org.openqa.selenium.remote.RemoteWebDriver.execute(RemoteWebDriver.java:637)
	at org.openqa.selenium.remote.RemoteWebDriver.startSession(RemoteWebDriver.java:250)
	at org.openqa.selenium.remote.RemoteWebDriver.startSession(RemoteWebDriver.java:236)
	at org.openqa.selenium.remote.RemoteWebDriver.&lt;init&gt;(RemoteWebDriver.java:137)
	at org.openqa.selenium.chrome.ChromeDriver.&lt;init&gt;(ChromeDriver.java:184)
	at org.openqa.selenium.chrome.ChromeDriver.&lt;init&gt;(ChromeDriver.java:171)
	at org.openqa.selenium.chrome.ChromeDriver.&lt;init&gt;(ChromeDriver.java:158)
	at com.mmt.qa.base.TestBase.initalization(TestBase.java:62)
	at com.mmt.qa.TestCases.LoginPageTest.Setup(LoginPageTest.java:31)
	at sun.reflect.NativeMethodAccessorImpl.invoke0(Native Method)
	at sun.reflect.NativeMethodAccessorImpl.invoke(Unknown Source)
	at sun.reflect.DelegatingMethodAccessorImpl.invoke(Unknown Source)
	at java.lang.reflect.Method.invoke(Unknown Source)
	at org.testng.internal.MethodInvocationHelper.invokeMethod(MethodInvocationHelper.java:84)
	at org.testng.internal.Invoker.invokeConfigurationMethod(Invoker.java:564)
	at org.testng.internal.Invoker.invokeConfigurations(Invoker.java:213)
	at org.testng.internal.Invoker.invokeMethod(Invoker.java:653)
	at org.testng.internal.Invoker.invokeTestMethod(Invoker.java:901)
	at org.testng.internal.Invoker.invokeTestMethods(Invoker.java:1231)
	at org.testng.internal.TestMethodWorker.invokeTestMethods(TestMethodWorker.java:127)
	at org.testng.internal.TestMethodWorker.run(TestMethodWorker.java:111)
	at org.testng.TestRunner.privateRun(TestRunner.java:767)
	at org.testng.TestRunner.run(TestRunner.java:617)
	at org.testng.SuiteRunner.runTest(SuiteRunner.java:348)
	at org.testng.SuiteRunner.runSequentially(SuiteRunner.java:343)
	at org.testng.SuiteRunner.privateRun(SuiteRunner.java:305)
	at org.testng.SuiteRunner.run(SuiteRunner.java:254)
	at org.testng.SuiteRunnerWorker.runSuite(SuiteRunnerWorker.java:52)
	at org.testng.SuiteRunnerWorker.run(SuiteRunnerWorker.java:86)
	at org.testng.TestNG.runSuitesSequentially(TestNG.java:1224)
	at org.testng.TestNG.runSuitesLocally(TestNG.java:1149)
	at org.testng.TestNG.run(TestNG.java:1057)
	at com.mmt.qa.TestCases.TestRunner.main(TestRunner.java:13)
</pre></div></td>
<td>0</td>
<td>com.mmt.qa.TestCases.LoginPageTest@5a42bbf4</td></tr>
</table><p>
<table width='100%' border='1' class='invocation-skipped'>
<tr><td colspan='4' align='center'><b>SKIPPED TESTS</b></td></tr>
<tr><td><b>Test method</b></td>
<td width="30%"><b>Exception</b></td>
<td width="10%"><b>Time (seconds)</b></td>
<td><b>Instance</b></td>
</tr>
<tr>
<td title='com.mmt.qa.TestCases.LoginPageTest.HomepageLogin()'><b>HomepageLogin</b><br>Test class: com.mmt.qa.TestCases.LoginPageTest</td>
<td></td>
<td>0</td>
<td>com.mmt.qa.TestCases.LoginPageTest@5a42bbf4</td></tr>
</table><p>
</body>
</html>